<?xml version="1.0" encoding="UTF-8"?>
<!-- Generated by org.testng.reporters.JUnitXMLReporter -->
<testsuite ignored="1" hostname="Sewar" failures="0" tests="2" name="Default test" time="8.184" errors="0" timestamp="2025-05-14T19:25:07 EET">
  <testcase classname="databasetesting.databasetesting.AppTest" name="updatedatabase" time="0.035"/>
  <testcase classname="databasetesting.databasetesting.AppTest" name="readdata" time="0.916"/>
  <testcase classname="databasetesting.databasetesting.AppTest" name="insetrintodatabase" time="0.0">
    <ignored/>
  </testcase> <!-- insetrintodatabase -->
</testsuite> <!-- Default test -->
