<?xml version="1.0" encoding="UTF-8"?>
<testng-results ignored="1" total="3" passed="2" failed="0" skipped="0">
  <reporter-output>
  </reporter-output>
  <suite started-at="2025-05-14T19:24:59 EET" name="Default suite" finished-at="2025-05-14T19:25:07 EET" duration-ms="8184">
    <groups>
    </groups>
    <test started-at="2025-05-14T19:24:59 EET" name="Default test" finished-at="2025-05-14T19:25:07 EET" duration-ms="8184">
      <class name="databasetesting.databasetesting.AppTest">
        <test-method is-config="true" signature="maysetup()[pri:0, instance:databasetesting.databasetesting.AppTest@49c6c24f]" started-at="2025-05-14T19:24:59 EET" name="maysetup" finished-at="2025-05-14T19:25:06 EET" duration-ms="7153" status="PASS">
          <reporter-output>
          </reporter-output>
        </test-method> <!-- maysetup -->
        <test-method signature="updatedatabase()[pri:2, instance:databasetesting.databasetesting.AppTest@49c6c24f]" started-at="2025-05-14T19:25:06 EET" name="updatedatabase" finished-at="2025-05-14T19:25:06 EET" duration-ms="35" status="PASS">
          <reporter-output>
          </reporter-output>
        </test-method> <!-- updatedatabase -->
        <test-method signature="readdata()[pri:3, instance:databasetesting.databasetesting.AppTest@49c6c24f]" started-at="2025-05-14T19:25:06 EET" name="readdata" finished-at="2025-05-14T19:25:07 EET" duration-ms="916" status="PASS">
          <reporter-output>
          </reporter-output>
        </test-method> <!-- readdata -->
      </class> <!-- databasetesting.databasetesting.AppTest -->
    </test> <!-- Default test -->
  </suite> <!-- Default suite -->
</testng-results>
